Compiling the C compiler identification source file "CMakeCCompilerId.c" failed.
Compiler: /usr/bin/cc 
Build flags: 
Id flags:  

The output was:
1
CMakeCCompilerId.c:566:1: fatal error: error closing /tmp/ccTYh8eI.s: No space left on device
 }
 ^
compilation terminated.


Compiling the C compiler identification source file "CMakeCCompilerId.c" failed.
Compiler: /usr/bin/cc 
Build flags: 
Id flags: -c 

The output was:
1
CMakeCCompilerId.c:566:1: fatal error: error closing /tmp/ccwXaMOR.s: No space left on device
 }
 ^
compilation terminated.


Compiling the C compiler identification source file "CMakeCCompilerId.c" failed.
Compiler: /usr/bin/cc 
Build flags: 
Id flags: -Aa 

The output was:
1
<command-line>:0:1: error: missing '(' after predicate
CMakeCCompilerId.c:566:1: fatal error: error closing /tmp/ccXyNaa0.s: No space left on device
 }
 ^
compilation terminated.


Compiling the C compiler identification source file "CMakeCCompilerId.c" failed.
Compiler: /usr/bin/cc 
Build flags: 
Id flags: -D__CLASSIC_C__ 

The output was:
1
CMakeCCompilerId.c:566:1: fatal error: error closing /tmp/cc8dRqo7.s: No space left on device
 }
 ^
compilation terminated.


Compiling the C compiler identification source file "CMakeCCompilerId.c" failed.
Compiler: /usr/bin/cc 
Build flags: 
Id flags:  

The output was:
1
CMakeCCompilerId.c:566:1: fatal error: error closing /tmp/ccsdTdcm.s: No space left on device
 }
 ^
compilation terminated.


Compiling the C compiler identification source file "CMakeCCompilerId.c" failed.
Compiler: /usr/bin/cc 
Build flags: 
Id flags: -c 

The output was:
1
CMakeCCompilerId.c:566:1: fatal error: error closing /tmp/cc2Nmoaw.s: No space left on device
 }
 ^
compilation terminated.


Compiling the C compiler identification source file "CMakeCCompilerId.c" failed.
Compiler: /usr/bin/cc 
Build flags: 
Id flags: -Aa 

The output was:
1
<command-line>:0:1: error: missing '(' after predicate
CMakeCCompilerId.c:566:1: fatal error: error closing /tmp/ccGKujdA.s: No space left on device
 }
 ^
compilation terminated.


Compiling the C compiler identification source file "CMakeCCompilerId.c" failed.
Compiler: /usr/bin/cc 
Build flags: 
Id flags: -D__CLASSIC_C__ 

The output was:
1
CMakeCCompilerId.c:566:1: fatal error: error closing /tmp/cc9SahvM.s: No space left on device
 }
 ^
compilation terminated.


Checking whether the C compiler is IAR using "" did not match "IAR .+ Compiler":
cc: fatal error: no input files
compilation terminated.
Checking whether the C compiler is IAR using "" did not match "IAR .+ Compiler":
cc: fatal error: no input files
compilation terminated.
Compiling the CXX compiler identification source file "CMakeCXXCompilerId.cpp" failed.
Compiler: /usr/bin/c++ 
Build flags: 
Id flags:  

The output was:
1
CMakeCXXCompilerId.cpp:539:1: fatal error: error closing /tmp/cc7M8K0P.s: No space left on device
 }
 ^
compilation terminated.


Compiling the CXX compiler identification source file "CMakeCXXCompilerId.cpp" failed.
Compiler: /usr/bin/c++ 
Build flags: 
Id flags: -c 

The output was:
1
CMakeCXXCompilerId.cpp:539:1: fatal error: error closing /tmp/ccYq6Ihb.s: No space left on device
 }
 ^
compilation terminated.


Compiling the CXX compiler identification source file "CMakeCXXCompilerId.cpp" failed.
Compiler: /usr/bin/c++ 
Build flags: 
Id flags:  

The output was:
1
CMakeCXXCompilerId.cpp:539:1: fatal error: error closing /tmp/ccncwiOk.s: No space left on device
 }
 ^
compilation terminated.


Compiling the CXX compiler identification source file "CMakeCXXCompilerId.cpp" failed.
Compiler: /usr/bin/c++ 
Build flags: 
Id flags: -c 

The output was:
1
CMakeCXXCompilerId.cpp:539:1: fatal error: error closing /tmp/ccY1TQgs.s: No space left on device
 }
 ^
compilation terminated.


Checking whether the CXX compiler is IAR using "" did not match "IAR .+ Compiler":
c++: fatal error: no input files
compilation terminated.
Checking whether the CXX compiler is IAR using "" did not match "IAR .+ Compiler":
c++: fatal error: no input files
compilation terminated.
Determining if the C compiler works failed with the following output:
Change Dir: /home/aapogodin/CLionProjects/Physics/cmake-build-debug/CMakeFiles/CMakeTmp

Run Build Command:"/usr/bin/make" "cmTC_de51f/fast"
/usr/bin/make -f CMakeFiles/cmTC_de51f.dir/build.make CMakeFiles/cmTC_de51f.dir/build
make[1]: Entering directory `/home/aapogodin/CLionProjects/Physics/cmake-build-debug/CMakeFiles/CMakeTmp'
Building C object CMakeFiles/cmTC_de51f.dir/testCCompiler.c.o
/usr/bin/cc    -o CMakeFiles/cmTC_de51f.dir/testCCompiler.c.o   -c /home/aapogodin/CLionProjects/Physics/cmake-build-debug/CMakeFiles/CMakeTmp/testCCompiler.c
/home/aapogodin/CLionProjects/Physics/cmake-build-debug/CMakeFiles/CMakeTmp/testCCompiler.c:11:1: fatal error: error closing /tmp/cckRNk4f.s: No space left on device
 { (void)argv; return argc-1;}
 ^
compilation terminated.
make[1]: *** [CMakeFiles/cmTC_de51f.dir/testCCompiler.c.o] Error 1
make[1]: Leaving directory `/home/aapogodin/CLionProjects/Physics/cmake-build-debug/CMakeFiles/CMakeTmp'
make: *** [cmTC_de51f/fast] Error 2


